<?xml version="1.0" encoding="UTF-8"?>
<!-- Generated by org.testng.reporters.JUnitReportReporter -->
<testsuite hostname="DESKTOP-S5GFN4V" failures="0" tests="1" name="variousconcepts.LearnTestNG$LearnwindowHanle" time="4.308" errors="0" timestamp="2021-08-15T15:29:31 EDT" skipped="0">
  <testcase classname="variousconcepts.LearnTestNG$LearnwindowHanle" name="LoginTest" time="4.308"/>
  <system-out/>
</testsuite> <!-- variousconcepts.LearnTestNG$LearnwindowHanle -->
